  [1m[35m (9.7ms)[0m  [1m[34mSELECT sqlite_version(*)[0m
  [1m[35m (23.7ms)[0m  [1m[35mCREATE TABLE "schema_migrations" ("version" varchar NOT NULL PRIMARY KEY)[0m
  [1m[35m (25.3ms)[0m  [1m[35mCREATE TABLE "ar_internal_metadata" ("key" varchar NOT NULL PRIMARY KEY, "value" varchar, "created_at" datetime(6) NOT NULL, "updated_at" datetime(6) NOT NULL)[0m
  [1m[35m (0.3ms)[0m  [1m[34mSELECT "schema_migrations"."version" FROM "schema_migrations" ORDER BY "schema_migrations"."version" ASC[0m
Migrating to CreateGames (20210420185315)
  [1m[35m (0.1ms)[0m  [1m[36mbegin transaction[0m
  [1m[35m (1.9ms)[0m  [1m[35mCREATE TABLE "games" ("id" integer PRIMARY KEY AUTOINCREMENT NOT NULL, "username" varchar, "created_at" datetime(6) NOT NULL, "updated_at" datetime(6) NOT NULL)[0m
  [1m[36mprimary::SchemaMigration Create (0.5ms)[0m  [1m[32mINSERT INTO "schema_migrations" ("version") VALUES (?)[0m  [["version", "20210420185315"]]
  [1m[35m (19.7ms)[0m  [1m[36mcommit transaction[0m
Migrating to CreateLevels (20210420185510)
  [1m[35m (0.1ms)[0m  [1m[36mbegin transaction[0m
  [1m[35m (5.0ms)[0m  [1m[35mCREATE TABLE "levels" ("id" integer PRIMARY KEY AUTOINCREMENT NOT NULL, "level_number" integer, "created_at" datetime(6) NOT NULL, "updated_at" datetime(6) NOT NULL)[0m
  [1m[36mprimary::SchemaMigration Create (1.2ms)[0m  [1m[32mINSERT INTO "schema_migrations" ("version") VALUES (?)[0m  [["version", "20210420185510"]]
  [1m[35m (25.1ms)[0m  [1m[36mcommit transaction[0m
Migrating to CreateChallenges (20210420185706)
  [1m[35m (0.4ms)[0m  [1m[36mbegin transaction[0m
  [1m[35m (1.4ms)[0m  [1m[35mCREATE TABLE "challenges" ("id" integer PRIMARY KEY AUTOINCREMENT NOT NULL, "emotion_number" integer, "correct_answer_number" integer, "created_at" datetime(6) NOT NULL, "updated_at" datetime(6) NOT NULL)[0m
  [1m[36mprimary::SchemaMigration Create (1.9ms)[0m  [1m[32mINSERT INTO "schema_migrations" ("version") VALUES (?)[0m  [["version", "20210420185706"]]
  [1m[35m (19.5ms)[0m  [1m[36mcommit transaction[0m
  [1m[36mActiveRecord::InternalMetadata Load (0.4ms)[0m  [1m[34mSELECT "ar_internal_metadata".* FROM "ar_internal_metadata" WHERE "ar_internal_metadata"."key" = ? LIMIT ?[0m  [["key", "environment"], ["LIMIT", 1]]
  [1m[35m (0.1ms)[0m  [1m[36mbegin transaction[0m
  [1m[36mActiveRecord::InternalMetadata Create (1.3ms)[0m  [1m[32mINSERT INTO "ar_internal_metadata" ("key", "value", "created_at", "updated_at") VALUES (?, ?, ?, ?)[0m  [["key", "environment"], ["value", "development"], ["created_at", "2021-04-20 19:00:57.353277"], ["updated_at", "2021-04-20 19:00:57.353277"]]
  [1m[35m (15.7ms)[0m  [1m[36mcommit transaction[0m
  [1m[35m (0.1ms)[0m  [1m[34mSELECT sqlite_version(*)[0m
  [1m[35m (0.2ms)[0m  [1m[34mSELECT "schema_migrations"."version" FROM "schema_migrations" ORDER BY "schema_migrations"."version" ASC[0m
  [1m[35m (1.9ms)[0m  [1m[34mSELECT sqlite_version(*)[0m
  [1m[35m (0.2ms)[0m  [1m[34mSELECT "schema_migrations"."version" FROM "schema_migrations" ORDER BY "schema_migrations"."version" ASC[0m
Migrating to CreateFaces (20210421160054)
  [1m[35m (0.1ms)[0m  [1m[36mbegin transaction[0m
  [1m[35m (1.8ms)[0m  [1m[35mCREATE TABLE "faces" ("id" integer PRIMARY KEY AUTOINCREMENT NOT NULL, "image_url" varchar, "created_at" datetime(6) NOT NULL, "updated_at" datetime(6) NOT NULL)[0m
  [1m[36mprimary::SchemaMigration Create (0.4ms)[0m  [1m[32mINSERT INTO "schema_migrations" ("version") VALUES (?)[0m  [["version", "20210421160054"]]
  [1m[35m (37.8ms)[0m  [1m[36mcommit transaction[0m
  [1m[36mActiveRecord::InternalMetadata Load (0.3ms)[0m  [1m[34mSELECT "ar_internal_metadata".* FROM "ar_internal_metadata" WHERE "ar_internal_metadata"."key" = ? LIMIT ?[0m  [["key", "environment"], ["LIMIT", 1]]
  [1m[35m (0.1ms)[0m  [1m[34mSELECT sqlite_version(*)[0m
  [1m[35m (0.2ms)[0m  [1m[34mSELECT "schema_migrations"."version" FROM "schema_migrations" ORDER BY "schema_migrations"."version" ASC[0m
  [1m[35m (1.8ms)[0m  [1m[34mSELECT sqlite_version(*)[0m
  [1m[35m (0.5ms)[0m  [1m[34mSELECT "schema_migrations"."version" FROM "schema_migrations" ORDER BY "schema_migrations"."version" ASC[0m
  [1m[35m (0.3ms)[0m  [1m[34mSELECT sqlite_version(*)[0m
Started GET "/" for ::1 at 2021-04-21 19:20:05 -0500
  [1m[35m (9.2ms)[0m  [1m[34mSELECT sqlite_version(*)[0m
  [1m[35m (3.2ms)[0m  [1m[34mSELECT "schema_migrations"."version" FROM "schema_migrations" ORDER BY "schema_migrations"."version" ASC[0m
Processing by Rails::WelcomeController#index as HTML
  Rendering /home/cowenhome/.rvm/gems/ruby-2.6.1/gems/railties-6.0.3.6/lib/rails/templates/rails/welcome/index.html.erb
  Rendered /home/cowenhome/.rvm/gems/ruby-2.6.1/gems/railties-6.0.3.6/lib/rails/templates/rails/welcome/index.html.erb (Duration: 70.8ms | Allocations: 479)
Completed 200 OK in 188ms (Views: 118.6ms | ActiveRecord: 0.0ms | Allocations: 2613)


Started GET "/games" for ::1 at 2021-04-21 19:20:11 -0500
Processing by GamesController#index as HTML
  [1m[36mGame Load (0.8ms)[0m  [1m[34mSELECT "games".* FROM "games"[0m
  ↳ app/controllers/games_controller.rb:5:in `index'
Completed 200 OK in 50ms (Views: 6.7ms | ActiveRecord: 1.7ms | Allocations: 2836)


Started GET "/games/index" for ::1 at 2021-04-21 19:20:25 -0500
  
AbstractController::ActionNotFound (The action 'show' could not be found for GamesController):
  
actionpack (6.0.3.6) lib/abstract_controller/base.rb:131:in `process'
actionpack (6.0.3.6) lib/action_controller/metal.rb:190:in `dispatch'
actionpack (6.0.3.6) lib/action_controller/metal.rb:254:in `dispatch'
actionpack (6.0.3.6) lib/action_dispatch/routing/route_set.rb:50:in `dispatch'
actionpack (6.0.3.6) lib/action_dispatch/routing/route_set.rb:33:in `serve'
actionpack (6.0.3.6) lib/action_dispatch/journey/router.rb:49:in `block in serve'
actionpack (6.0.3.6) lib/action_dispatch/journey/router.rb:32:in `each'
actionpack (6.0.3.6) lib/action_dispatch/journey/router.rb:32:in `serve'
actionpack (6.0.3.6) lib/action_dispatch/routing/route_set.rb:834:in `call'
rack (2.2.3) lib/rack/etag.rb:27:in `call'
rack (2.2.3) lib/rack/conditional_get.rb:27:in `call'
rack (2.2.3) lib/rack/head.rb:12:in `call'
activerecord (6.0.3.6) lib/active_record/migration.rb:567:in `call'
actionpack (6.0.3.6) lib/action_dispatch/middleware/callbacks.rb:27:in `block in call'
activesupport (6.0.3.6) lib/active_support/callbacks.rb:101:in `run_callbacks'
actionpack (6.0.3.6) lib/action_dispatch/middleware/callbacks.rb:26:in `call'
actionpack (6.0.3.6) lib/action_dispatch/middleware/executor.rb:14:in `call'
actionpack (6.0.3.6) lib/action_dispatch/middleware/actionable_exceptions.rb:18:in `call'
actionpack (6.0.3.6) lib/action_dispatch/middleware/debug_exceptions.rb:32:in `call'
actionpack (6.0.3.6) lib/action_dispatch/middleware/show_exceptions.rb:33:in `call'
railties (6.0.3.6) lib/rails/rack/logger.rb:37:in `call_app'
railties (6.0.3.6) lib/rails/rack/logger.rb:26:in `block in call'
activesupport (6.0.3.6) lib/active_support/tagged_logging.rb:80:in `block in tagged'
activesupport (6.0.3.6) lib/active_support/tagged_logging.rb:28:in `tagged'
activesupport (6.0.3.6) lib/active_support/tagged_logging.rb:80:in `tagged'
railties (6.0.3.6) lib/rails/rack/logger.rb:26:in `call'
actionpack (6.0.3.6) lib/action_dispatch/middleware/remote_ip.rb:81:in `call'
actionpack (6.0.3.6) lib/action_dispatch/middleware/request_id.rb:27:in `call'
rack (2.2.3) lib/rack/runtime.rb:22:in `call'
activesupport (6.0.3.6) lib/active_support/cache/strategy/local_cache_middleware.rb:29:in `call'
actionpack (6.0.3.6) lib/action_dispatch/middleware/executor.rb:14:in `call'
actionpack (6.0.3.6) lib/action_dispatch/middleware/static.rb:126:in `call'
rack (2.2.3) lib/rack/sendfile.rb:110:in `call'
actionpack (6.0.3.6) lib/action_dispatch/middleware/host_authorization.rb:82:in `call'
railties (6.0.3.6) lib/rails/engine.rb:527:in `call'
puma (4.3.7) lib/puma/configuration.rb:228:in `call'
puma (4.3.7) lib/puma/server.rb:713:in `handle_request'
puma (4.3.7) lib/puma/server.rb:472:in `process_client'
puma (4.3.7) lib/puma/server.rb:328:in `block in run'
puma (4.3.7) lib/puma/thread_pool.rb:134:in `block in spawn_thread'
Started GET "/" for ::1 at 2021-04-21 19:20:32 -0500
Processing by Rails::WelcomeController#index as HTML
  Rendering /home/cowenhome/.rvm/gems/ruby-2.6.1/gems/railties-6.0.3.6/lib/rails/templates/rails/welcome/index.html.erb
  Rendered /home/cowenhome/.rvm/gems/ruby-2.6.1/gems/railties-6.0.3.6/lib/rails/templates/rails/welcome/index.html.erb (Duration: 88.6ms | Allocations: 192)
Completed 200 OK in 106ms (Views: 101.2ms | ActiveRecord: 0.0ms | Allocations: 739)


Started GET "/games" for ::1 at 2021-04-21 19:20:38 -0500
Processing by GamesController#index as HTML
  [1m[36mGame Load (1.0ms)[0m  [1m[34mSELECT "games".* FROM "games"[0m
  ↳ app/controllers/games_controller.rb:5:in `index'
Completed 200 OK in 16ms (Views: 13.8ms | ActiveRecord: 1.0ms | Allocations: 813)


Started GET "/games" for ::1 at 2021-04-21 19:22:43 -0500
  [1m[35m (0.1ms)[0m  [1m[34mSELECT sqlite_version(*)[0m
Processing by GamesController#index as HTML
  [1m[36mGame Load (0.5ms)[0m  [1m[34mSELECT "games".* FROM "games"[0m
  ↳ app/controllers/games_controller.rb:5:in `index'
Completed 200 OK in 51ms (Views: 4.9ms | ActiveRecord: 1.3ms | Allocations: 2348)


Started GET "/favicon.ico" for ::1 at 2021-04-21 19:22:44 -0500
  
ActionController::RoutingError (No route matches [GET] "/favicon.ico"):
  
actionpack (6.0.3.6) lib/action_dispatch/middleware/debug_exceptions.rb:36:in `call'
actionpack (6.0.3.6) lib/action_dispatch/middleware/show_exceptions.rb:33:in `call'
railties (6.0.3.6) lib/rails/rack/logger.rb:37:in `call_app'
railties (6.0.3.6) lib/rails/rack/logger.rb:26:in `block in call'
activesupport (6.0.3.6) lib/active_support/tagged_logging.rb:80:in `block in tagged'
activesupport (6.0.3.6) lib/active_support/tagged_logging.rb:28:in `tagged'
activesupport (6.0.3.6) lib/active_support/tagged_logging.rb:80:in `tagged'
railties (6.0.3.6) lib/rails/rack/logger.rb:26:in `call'
actionpack (6.0.3.6) lib/action_dispatch/middleware/remote_ip.rb:81:in `call'
actionpack (6.0.3.6) lib/action_dispatch/middleware/request_id.rb:27:in `call'
rack (2.2.3) lib/rack/runtime.rb:22:in `call'
activesupport (6.0.3.6) lib/active_support/cache/strategy/local_cache_middleware.rb:29:in `call'
actionpack (6.0.3.6) lib/action_dispatch/middleware/executor.rb:14:in `call'
actionpack (6.0.3.6) lib/action_dispatch/middleware/static.rb:126:in `call'
rack (2.2.3) lib/rack/sendfile.rb:110:in `call'
actionpack (6.0.3.6) lib/action_dispatch/middleware/host_authorization.rb:82:in `call'
railties (6.0.3.6) lib/rails/engine.rb:527:in `call'
puma (4.3.7) lib/puma/configuration.rb:228:in `call'
puma (4.3.7) lib/puma/server.rb:713:in `handle_request'
puma (4.3.7) lib/puma/server.rb:472:in `process_client'
puma (4.3.7) lib/puma/server.rb:328:in `block in run'
puma (4.3.7) lib/puma/thread_pool.rb:134:in `block in spawn_thread'
Started GET "/games" for ::1 at 2021-04-21 19:32:36 -0500
  [1m[35m (1.6ms)[0m  [1m[34mSELECT sqlite_version(*)[0m
  [1m[35m (0.5ms)[0m  [1m[34mSELECT "schema_migrations"."version" FROM "schema_migrations" ORDER BY "schema_migrations"."version" ASC[0m
Processing by GamesController#index as HTML
  [1m[36mGame Load (1.2ms)[0m  [1m[34mSELECT "games".* FROM "games"[0m
  ↳ app/controllers/games_controller.rb:5:in `index'
Completed 200 OK in 117ms (Views: 42.0ms | ActiveRecord: 2.2ms | Allocations: 2825)


  [1m[35m (1.2ms)[0m  [1m[34mSELECT sqlite_version(*)[0m
  [1m[36mGame Load (2.7ms)[0m  [1m[34mSELECT "games".* FROM "games" LIMIT ?[0m  [["LIMIT", 11]]
  [1m[36mGame Load (0.4ms)[0m  [1m[34mSELECT "games".* FROM "games" LIMIT ?[0m  [["LIMIT", 11]]
  [1m[35m (3.1ms)[0m  [1m[34mSELECT sqlite_version(*)[0m
  [1m[35m (0.4ms)[0m  [1m[34mSELECT "schema_migrations"."version" FROM "schema_migrations" ORDER BY "schema_migrations"."version" ASC[0m
  [1m[35m (0.2ms)[0m  [1m[34mSELECT sqlite_version(*)[0m
  [1m[35m (1.1ms)[0m  [1m[34mSELECT sqlite_version(*)[0m
  [1m[36mGame Load (2.9ms)[0m  [1m[34mSELECT "games".* FROM "games" LIMIT ?[0m  [["LIMIT", 11]]
  [1m[36mGame Load (0.6ms)[0m  [1m[34mSELECT "games".* FROM "games" LIMIT ?[0m  [["LIMIT", 11]]
Started GET "/games" for ::1 at 2021-04-21 19:36:28 -0500
  [1m[35m (0.3ms)[0m  [1m[34mSELECT sqlite_version(*)[0m
Processing by GamesController#index as HTML
  [1m[36mGame Load (0.6ms)[0m  [1m[34mSELECT "games".* FROM "games"[0m
  ↳ app/controllers/games_controller.rb:5:in `index'
Completed 200 OK in 36ms (Views: 6.0ms | ActiveRecord: 2.3ms | Allocations: 1600)


Started GET "/game/ronda" for ::1 at 2021-04-21 19:49:21 -0500
  [1m[35m (0.3ms)[0m  [1m[34mSELECT sqlite_version(*)[0m
  
ActionController::RoutingError (No route matches [GET] "/game/ronda"):
  
actionpack (6.0.3.6) lib/action_dispatch/middleware/debug_exceptions.rb:36:in `call'
actionpack (6.0.3.6) lib/action_dispatch/middleware/show_exceptions.rb:33:in `call'
railties (6.0.3.6) lib/rails/rack/logger.rb:37:in `call_app'
railties (6.0.3.6) lib/rails/rack/logger.rb:26:in `block in call'
activesupport (6.0.3.6) lib/active_support/tagged_logging.rb:80:in `block in tagged'
activesupport (6.0.3.6) lib/active_support/tagged_logging.rb:28:in `tagged'
activesupport (6.0.3.6) lib/active_support/tagged_logging.rb:80:in `tagged'
railties (6.0.3.6) lib/rails/rack/logger.rb:26:in `call'
actionpack (6.0.3.6) lib/action_dispatch/middleware/remote_ip.rb:81:in `call'
actionpack (6.0.3.6) lib/action_dispatch/middleware/request_id.rb:27:in `call'
rack (2.2.3) lib/rack/runtime.rb:22:in `call'
activesupport (6.0.3.6) lib/active_support/cache/strategy/local_cache_middleware.rb:29:in `call'
actionpack (6.0.3.6) lib/action_dispatch/middleware/executor.rb:14:in `call'
actionpack (6.0.3.6) lib/action_dispatch/middleware/static.rb:126:in `call'
rack (2.2.3) lib/rack/sendfile.rb:110:in `call'
actionpack (6.0.3.6) lib/action_dispatch/middleware/host_authorization.rb:82:in `call'
railties (6.0.3.6) lib/rails/engine.rb:527:in `call'
puma (4.3.7) lib/puma/configuration.rb:228:in `call'
puma (4.3.7) lib/puma/server.rb:713:in `handle_request'
puma (4.3.7) lib/puma/server.rb:472:in `process_client'
puma (4.3.7) lib/puma/server.rb:328:in `block in run'
puma (4.3.7) lib/puma/thread_pool.rb:134:in `block in spawn_thread'
Started GET "/" for ::1 at 2021-04-21 20:18:46 -0500
  [1m[35m (0.3ms)[0m  [1m[34mSELECT sqlite_version(*)[0m
Processing by Rails::WelcomeController#index as HTML
  Rendering /home/cowenhome/.rvm/gems/ruby-2.6.1/gems/railties-6.0.3.6/lib/rails/templates/rails/welcome/index.html.erb
  Rendered /home/cowenhome/.rvm/gems/ruby-2.6.1/gems/railties-6.0.3.6/lib/rails/templates/rails/welcome/index.html.erb (Duration: 48.9ms | Allocations: 202)
Completed 200 OK in 63ms (Views: 51.8ms | ActiveRecord: 0.0ms | Allocations: 1030)


  [1m[35m (1.2ms)[0m  [1m[34mSELECT sqlite_version(*)[0m
  [1m[36mGame Load (0.4ms)[0m  [1m[34mSELECT "games".* FROM "games" ORDER BY "games"."id" ASC LIMIT ?[0m  [["LIMIT", 1]]
  [1m[35m (1.3ms)[0m  [1m[34mSELECT sqlite_version(*)[0m
  [1m[35m (0.1ms)[0m  [1m[34mSELECT sqlite_version(*)[0m
  [1m[35m (0.4ms)[0m  [1m[34mSELECT "schema_migrations"."version" FROM "schema_migrations" ORDER BY "schema_migrations"."version" ASC[0m
  [1m[35m (0.3ms)[0m  [1m[34mSELECT "ar_internal_metadata"."value" FROM "ar_internal_metadata" WHERE "ar_internal_metadata"."key" = ?[0m  [["key", "environment"]]
  [1m[35m (0.2ms)[0m  [1m[34mSELECT "schema_migrations"."version" FROM "schema_migrations" ORDER BY "schema_migrations"."version" ASC[0m
  [1m[35m (0.2ms)[0m  [1m[34mSELECT "ar_internal_metadata"."value" FROM "ar_internal_metadata" WHERE "ar_internal_metadata"."key" = ?[0m  [["key", "environment"]]
  [1m[35m (0.2ms)[0m  [1m[34mSELECT "schema_migrations"."version" FROM "schema_migrations" ORDER BY "schema_migrations"."version" ASC[0m
  [1m[35m (0.2ms)[0m  [1m[34mSELECT "ar_internal_metadata"."value" FROM "ar_internal_metadata" WHERE "ar_internal_metadata"."key" = ?[0m  [["key", "environment"]]
  [1m[35m (0.1ms)[0m  [1m[34mSELECT sqlite_version(*)[0m
  [1m[35m (17.5ms)[0m  [1m[35mDROP TABLE IF EXISTS "challenges"[0m
  [1m[35m (16.1ms)[0m  [1m[35mCREATE TABLE "challenges" ("id" integer PRIMARY KEY AUTOINCREMENT NOT NULL, "emotion_number" integer, "correct_answer_number" integer, "created_at" datetime(6) NOT NULL, "updated_at" datetime(6) NOT NULL)[0m
  [1m[35m (16.2ms)[0m  [1m[35mDROP TABLE IF EXISTS "faces"[0m
  [1m[35m (13.6ms)[0m  [1m[35mCREATE TABLE "faces" ("id" integer PRIMARY KEY AUTOINCREMENT NOT NULL, "image_url" varchar, "created_at" datetime(6) NOT NULL, "updated_at" datetime(6) NOT NULL)[0m
  [1m[35m (18.4ms)[0m  [1m[35mDROP TABLE IF EXISTS "games"[0m
  [1m[35m (20.5ms)[0m  [1m[35mCREATE TABLE "games" ("id" integer PRIMARY KEY AUTOINCREMENT NOT NULL, "username" varchar, "created_at" datetime(6) NOT NULL, "updated_at" datetime(6) NOT NULL)[0m
  [1m[35m (21.5ms)[0m  [1m[35mDROP TABLE IF EXISTS "levels"[0m
  [1m[35m (17.5ms)[0m  [1m[35mCREATE TABLE "levels" ("id" integer PRIMARY KEY AUTOINCREMENT NOT NULL, "level_number" integer, "created_at" datetime(6) NOT NULL, "updated_at" datetime(6) NOT NULL)[0m
  [1m[35m (0.1ms)[0m  [1m[34mSELECT "schema_migrations"."version" FROM "schema_migrations" ORDER BY "schema_migrations"."version" ASC[0m
  [1m[36mActiveRecord::InternalMetadata Load (0.2ms)[0m  [1m[34mSELECT "ar_internal_metadata".* FROM "ar_internal_metadata" WHERE "ar_internal_metadata"."key" = ? LIMIT ?[0m  [["key", "environment"], ["LIMIT", 1]]
  [1m[36mActiveRecord::InternalMetadata Load (0.1ms)[0m  [1m[34mSELECT "ar_internal_metadata".* FROM "ar_internal_metadata" WHERE "ar_internal_metadata"."key" = ? LIMIT ?[0m  [["key", "environment"], ["LIMIT", 1]]
  [1m[36mActiveRecord::InternalMetadata Load (0.1ms)[0m  [1m[34mSELECT "ar_internal_metadata".* FROM "ar_internal_metadata" WHERE "ar_internal_metadata"."key" = ? LIMIT ?[0m  [["key", "schema_sha1"], ["LIMIT", 1]]
  [1m[35m (0.1ms)[0m  [1m[36mbegin transaction[0m
  [1m[36mActiveRecord::InternalMetadata Create (1.1ms)[0m  [1m[32mINSERT INTO "ar_internal_metadata" ("key", "value", "created_at", "updated_at") VALUES (?, ?, ?, ?)[0m  [["key", "schema_sha1"], ["value", "0cfc6115216c0d0b323997c65c9237bbf21c3c78"], ["created_at", "2021-04-22 17:57:39.526616"], ["updated_at", "2021-04-22 17:57:39.526616"]]
  [1m[35m (24.0ms)[0m  [1m[36mcommit transaction[0m
  [1m[35m (0.2ms)[0m  [1m[34mSELECT sqlite_version(*)[0m
  [1m[35m (0.4ms)[0m  [1m[35mDROP TABLE IF EXISTS "challenges"[0m
  [1m[35m (21.2ms)[0m  [1m[35mCREATE TABLE "challenges" ("id" integer PRIMARY KEY AUTOINCREMENT NOT NULL, "emotion_number" integer, "correct_answer_number" integer, "created_at" datetime(6) NOT NULL, "updated_at" datetime(6) NOT NULL)[0m
  [1m[35m (0.4ms)[0m  [1m[35mDROP TABLE IF EXISTS "faces"[0m
  [1m[35m (21.6ms)[0m  [1m[35mCREATE TABLE "faces" ("id" integer PRIMARY KEY AUTOINCREMENT NOT NULL, "image_url" varchar, "created_at" datetime(6) NOT NULL, "updated_at" datetime(6) NOT NULL)[0m
  [1m[35m (0.2ms)[0m  [1m[35mDROP TABLE IF EXISTS "games"[0m
  [1m[35m (23.3ms)[0m  [1m[35mCREATE TABLE "games" ("id" integer PRIMARY KEY AUTOINCREMENT NOT NULL, "username" varchar, "created_at" datetime(6) NOT NULL, "updated_at" datetime(6) NOT NULL)[0m
  [1m[35m (0.5ms)[0m  [1m[35mDROP TABLE IF EXISTS "levels"[0m
  [1m[35m (19.6ms)[0m  [1m[35mCREATE TABLE "levels" ("id" integer PRIMARY KEY AUTOINCREMENT NOT NULL, "level_number" integer, "created_at" datetime(6) NOT NULL, "updated_at" datetime(6) NOT NULL)[0m
  [1m[35m (13.4ms)[0m  [1m[35mCREATE TABLE "schema_migrations" ("version" varchar NOT NULL PRIMARY KEY)[0m
  [1m[35m (0.2ms)[0m  [1m[34mSELECT "schema_migrations"."version" FROM "schema_migrations" ORDER BY "schema_migrations"."version" ASC[0m
  [1m[35m (18.3ms)[0m  [1m[32mINSERT INTO "schema_migrations" (version) VALUES (20210421160054)[0m
  [1m[35m (19.8ms)[0m  [1m[32mINSERT INTO "schema_migrations" (version) VALUES
(20210420185315),
(20210420185510),
(20210420185706);

[0m
  [1m[35m (20.2ms)[0m  [1m[35mCREATE TABLE "ar_internal_metadata" ("key" varchar NOT NULL PRIMARY KEY, "value" varchar, "created_at" datetime(6) NOT NULL, "updated_at" datetime(6) NOT NULL)[0m
  [1m[36mActiveRecord::InternalMetadata Load (0.5ms)[0m  [1m[34mSELECT "ar_internal_metadata".* FROM "ar_internal_metadata" WHERE "ar_internal_metadata"."key" = ? LIMIT ?[0m  [["key", "environment"], ["LIMIT", 1]]
  [1m[35m (0.1ms)[0m  [1m[36mbegin transaction[0m
  [1m[36mActiveRecord::InternalMetadata Create (1.4ms)[0m  [1m[32mINSERT INTO "ar_internal_metadata" ("key", "value", "created_at", "updated_at") VALUES (?, ?, ?, ?)[0m  [["key", "environment"], ["value", "development"], ["created_at", "2021-04-22 17:57:39.784451"], ["updated_at", "2021-04-22 17:57:39.784451"]]
  [1m[35m (13.1ms)[0m  [1m[36mcommit transaction[0m
  [1m[36mActiveRecord::InternalMetadata Load (0.2ms)[0m  [1m[34mSELECT "ar_internal_metadata".* FROM "ar_internal_metadata" WHERE "ar_internal_metadata"."key" = ? LIMIT ?[0m  [["key", "environment"], ["LIMIT", 1]]
  [1m[35m (0.1ms)[0m  [1m[36mbegin transaction[0m
  [1m[36mActiveRecord::InternalMetadata Update (1.0ms)[0m  [1m[33mUPDATE "ar_internal_metadata" SET "value" = ?, "updated_at" = ? WHERE "ar_internal_metadata"."key" = ?[0m  [["value", "test"], ["updated_at", "2021-04-22 17:57:39.811690"], ["key", "environment"]]
  [1m[35m (15.5ms)[0m  [1m[36mcommit transaction[0m
  [1m[36mActiveRecord::InternalMetadata Load (0.3ms)[0m  [1m[34mSELECT "ar_internal_metadata".* FROM "ar_internal_metadata" WHERE "ar_internal_metadata"."key" = ? LIMIT ?[0m  [["key", "schema_sha1"], ["LIMIT", 1]]
  [1m[35m (0.1ms)[0m  [1m[36mbegin transaction[0m
  [1m[36mActiveRecord::InternalMetadata Create (1.2ms)[0m  [1m[32mINSERT INTO "ar_internal_metadata" ("key", "value", "created_at", "updated_at") VALUES (?, ?, ?, ?)[0m  [["key", "schema_sha1"], ["value", "0cfc6115216c0d0b323997c65c9237bbf21c3c78"], ["created_at", "2021-04-22 17:57:39.840009"], ["updated_at", "2021-04-22 17:57:39.840009"]]
  [1m[35m (16.4ms)[0m  [1m[36mcommit transaction[0m
  [1m[35m (0.1ms)[0m  [1m[34mSELECT sqlite_version(*)[0m
  [1m[35m (0.3ms)[0m  [1m[34mSELECT "schema_migrations"."version" FROM "schema_migrations" ORDER BY "schema_migrations"."version" ASC[0m
  [1m[35m (0.1ms)[0m  [1m[34mSELECT sqlite_version(*)[0m
  [1m[35m (1.3ms)[0m  [1m[34mSELECT sqlite_version(*)[0m
  [1m[36mGame Load (0.5ms)[0m  [1m[34mSELECT "games".* FROM "games" ORDER BY "games"."id" ASC LIMIT ?[0m  [["LIMIT", 1]]
  [1m[35m (0.6ms)[0m  [1m[34mSELECT sqlite_version(*)[0m
  [1m[35m (0.4ms)[0m  [1m[34mSELECT "schema_migrations"."version" FROM "schema_migrations" ORDER BY "schema_migrations"."version" ASC[0m
  [1m[35m (0.1ms)[0m  [1m[34mSELECT sqlite_version(*)[0m
  [1m[35m (0.6ms)[0m  [1m[34mSELECT sqlite_version(*)[0m
  [1m[36mGame Load (0.6ms)[0m  [1m[34mSELECT "games".* FROM "games" LIMIT ?[0m  [["LIMIT", 11]]
  [1m[36mGame Load (0.3ms)[0m  [1m[34mSELECT "games".* FROM "games" ORDER BY "games"."id" ASC LIMIT ?[0m  [["LIMIT", 1]]
  [1m[36mGame Load (0.3ms)[0m  [1m[34mSELECT "games".* FROM "games" LIMIT ?[0m  [["LIMIT", 11]]
  [1m[36mGame Load (0.4ms)[0m  [1m[34mSELECT "games".* FROM "games" ORDER BY "games"."id" ASC LIMIT ?[0m  [["LIMIT", 1]]
  [1m[35m (0.6ms)[0m  [1m[34mSELECT sqlite_version(*)[0m
  [1m[35m (0.3ms)[0m  [1m[34mSELECT "schema_migrations"."version" FROM "schema_migrations" ORDER BY "schema_migrations"."version" ASC[0m
  [1m[35m (0.1ms)[0m  [1m[34mSELECT sqlite_version(*)[0m
  [1m[35m (0.9ms)[0m  [1m[34mSELECT sqlite_version(*)[0m
  [1m[36mGame Load (0.4ms)[0m  [1m[34mSELECT "games".* FROM "games" LIMIT ?[0m  [["LIMIT", 11]]
  [1m[36mGame Load (0.1ms)[0m  [1m[34mSELECT "games".* FROM "games" ORDER BY "games"."id" ASC LIMIT ?[0m  [["LIMIT", 1]]
  [1m[36mGame Load (0.6ms)[0m  [1m[34mSELECT "games".* FROM "games" LIMIT ?[0m  [["LIMIT", 11]]
Started GET "/games" for ::1 at 2021-04-22 13:38:02 -0500
  [1m[35m (1.4ms)[0m  [1m[34mSELECT sqlite_version(*)[0m
  [1m[35m (0.3ms)[0m  [1m[34mSELECT "schema_migrations"."version" FROM "schema_migrations" ORDER BY "schema_migrations"."version" ASC[0m
Processing by GamesController#index as HTML
  [1m[36mGame Load (8.0ms)[0m  [1m[34mSELECT "games".* FROM "games" LIMIT ?[0m  [["LIMIT", 11]]
  [1m[36mCACHE Game Load (0.0ms)[0m  [1m[34mSELECT "games".* FROM "games" LIMIT ?[0m  [["LIMIT", 11]]
Completed 500 Internal Server Error in 291ms (ActiveRecord: 0.0ms | Allocations: 73990)


  [1m[36mCACHE Game Load (0.0ms)[0m  [1m[34mSELECT "games".* FROM "games" LIMIT ?[0m  [["LIMIT", 11]]
  
NameError (undefined local variable or method `games' for #<GamesController:0x00007fd5c8e522c0>
Did you mean?  @games):
  
app/controllers/games_controller.rb:5:in `index'
Started GET "/games" for ::1 at 2021-04-22 13:38:23 -0500
  [1m[35m (0.2ms)[0m  [1m[34mSELECT sqlite_version(*)[0m
Processing by GamesController#index as HTML
Completed 204 No Content in 7ms (ActiveRecord: 0.0ms | Allocations: 1151)


Started GET "/games" for ::1 at 2021-04-22 13:38:30 -0500
Processing by GamesController#index as HTML
Completed 204 No Content in 0ms (ActiveRecord: 0.0ms | Allocations: 44)


Started GET "/games" for ::1 at 2021-04-22 13:38:33 -0500
Processing by GamesController#index as HTML
Completed 204 No Content in 0ms (ActiveRecord: 0.0ms | Allocations: 44)


  [1m[35m (2.4ms)[0m  [1m[34mSELECT sqlite_version(*)[0m
  [1m[35m (0.2ms)[0m  [1m[34mSELECT "schema_migrations"."version" FROM "schema_migrations" ORDER BY "schema_migrations"."version" ASC[0m
  [1m[35m (1.8ms)[0m  [1m[34mSELECT "ar_internal_metadata"."value" FROM "ar_internal_metadata" WHERE "ar_internal_metadata"."key" = ?[0m  [["key", "environment"]]
  [1m[35m (0.3ms)[0m  [1m[34mSELECT "schema_migrations"."version" FROM "schema_migrations" ORDER BY "schema_migrations"."version" ASC[0m
  [1m[35m (0.1ms)[0m  [1m[34mSELECT "ar_internal_metadata"."value" FROM "ar_internal_metadata" WHERE "ar_internal_metadata"."key" = ?[0m  [["key", "environment"]]
  [1m[35m (0.2ms)[0m  [1m[34mSELECT "schema_migrations"."version" FROM "schema_migrations" ORDER BY "schema_migrations"."version" ASC[0m
  [1m[35m (0.3ms)[0m  [1m[34mSELECT "ar_internal_metadata"."value" FROM "ar_internal_metadata" WHERE "ar_internal_metadata"."key" = ?[0m  [["key", "environment"]]
  [1m[35m (2.9ms)[0m  [1m[34mSELECT sqlite_version(*)[0m
  [1m[35m (0.2ms)[0m  [1m[34mSELECT sqlite_version(*)[0m
  [1m[35m (0.1ms)[0m  [1m[34mSELECT sqlite_version(*)[0m
  [1m[35m (0.5ms)[0m  [1m[34mSELECT sqlite_version(*)[0m
  [1m[35m (0.5ms)[0m  [1m[35mDROP TABLE IF EXISTS "challenges"[0m
  [1m[35m (18.2ms)[0m  [1m[35mCREATE TABLE "challenges" ("id" integer PRIMARY KEY AUTOINCREMENT NOT NULL, "emotion_number" integer, "correct_answer_number" integer, "created_at" datetime(6) NOT NULL, "updated_at" datetime(6) NOT NULL)[0m
  [1m[35m (0.4ms)[0m  [1m[35mDROP TABLE IF EXISTS "faces"[0m
  [1m[35m (31.9ms)[0m  [1m[35mCREATE TABLE "faces" ("id" integer PRIMARY KEY AUTOINCREMENT NOT NULL, "image_url" varchar, "created_at" datetime(6) NOT NULL, "updated_at" datetime(6) NOT NULL)[0m
  [1m[35m (0.3ms)[0m  [1m[35mDROP TABLE IF EXISTS "games"[0m
  [1m[35m (30.9ms)[0m  [1m[35mCREATE TABLE "games" ("id" integer PRIMARY KEY AUTOINCREMENT NOT NULL, "username" varchar, "created_at" datetime(6) NOT NULL, "updated_at" datetime(6) NOT NULL)[0m
  [1m[35m (0.3ms)[0m  [1m[35mDROP TABLE IF EXISTS "levels"[0m
  [1m[35m (40.6ms)[0m  [1m[35mCREATE TABLE "levels" ("id" integer PRIMARY KEY AUTOINCREMENT NOT NULL, "level_number" integer, "created_at" datetime(6) NOT NULL, "updated_at" datetime(6) NOT NULL)[0m
  [1m[35m (31.4ms)[0m  [1m[35mCREATE TABLE "schema_migrations" ("version" varchar NOT NULL PRIMARY KEY)[0m
  [1m[35m (0.4ms)[0m  [1m[34mSELECT "schema_migrations"."version" FROM "schema_migrations" ORDER BY "schema_migrations"."version" ASC[0m
  [1m[35m (27.2ms)[0m  [1m[32mINSERT INTO "schema_migrations" (version) VALUES (20210421160054)[0m
  [1m[35m (22.7ms)[0m  [1m[32mINSERT INTO "schema_migrations" (version) VALUES
(20210420185315),
(20210420185510),
(20210420185706);

[0m
  [1m[35m (80.5ms)[0m  [1m[35mCREATE TABLE "ar_internal_metadata" ("key" varchar NOT NULL PRIMARY KEY, "value" varchar, "created_at" datetime(6) NOT NULL, "updated_at" datetime(6) NOT NULL)[0m
  [1m[36mActiveRecord::InternalMetadata Load (0.3ms)[0m  [1m[34mSELECT "ar_internal_metadata".* FROM "ar_internal_metadata" WHERE "ar_internal_metadata"."key" = ? LIMIT ?[0m  [["key", "environment"], ["LIMIT", 1]]
  [1m[35m (0.1ms)[0m  [1m[36mbegin transaction[0m
  [1m[36mActiveRecord::InternalMetadata Create (1.3ms)[0m  [1m[32mINSERT INTO "ar_internal_metadata" ("key", "value", "created_at", "updated_at") VALUES (?, ?, ?, ?)[0m  [["key", "environment"], ["value", "development"], ["created_at", "2021-04-22 20:09:29.793305"], ["updated_at", "2021-04-22 20:09:29.793305"]]
  [1m[35m (15.5ms)[0m  [1m[36mcommit transaction[0m
  [1m[36mActiveRecord::InternalMetadata Load (0.2ms)[0m  [1m[34mSELECT "ar_internal_metadata".* FROM "ar_internal_metadata" WHERE "ar_internal_metadata"."key" = ? LIMIT ?[0m  [["key", "environment"], ["LIMIT", 1]]
  [1m[36mActiveRecord::InternalMetadata Load (0.3ms)[0m  [1m[34mSELECT "ar_internal_metadata".* FROM "ar_internal_metadata" WHERE "ar_internal_metadata"."key" = ? LIMIT ?[0m  [["key", "schema_sha1"], ["LIMIT", 1]]
  [1m[35m (0.1ms)[0m  [1m[36mbegin transaction[0m
  [1m[36mActiveRecord::InternalMetadata Create (3.0ms)[0m  [1m[32mINSERT INTO "ar_internal_metadata" ("key", "value", "created_at", "updated_at") VALUES (?, ?, ?, ?)[0m  [["key", "schema_sha1"], ["value", "0cfc6115216c0d0b323997c65c9237bbf21c3c78"], ["created_at", "2021-04-22 20:09:29.830042"], ["updated_at", "2021-04-22 20:09:29.830042"]]
  [1m[35m (18.2ms)[0m  [1m[36mcommit transaction[0m
  [1m[35m (0.1ms)[0m  [1m[34mSELECT sqlite_version(*)[0m
  [1m[35m (0.3ms)[0m  [1m[35mDROP TABLE IF EXISTS "challenges"[0m
  [1m[35m (55.1ms)[0m  [1m[35mCREATE TABLE "challenges" ("id" integer PRIMARY KEY AUTOINCREMENT NOT NULL, "emotion_number" integer, "correct_answer_number" integer, "created_at" datetime(6) NOT NULL, "updated_at" datetime(6) NOT NULL)[0m
  [1m[35m (0.5ms)[0m  [1m[35mDROP TABLE IF EXISTS "faces"[0m
  [1m[35m (17.4ms)[0m  [1m[35mCREATE TABLE "faces" ("id" integer PRIMARY KEY AUTOINCREMENT NOT NULL, "image_url" varchar, "created_at" datetime(6) NOT NULL, "updated_at" datetime(6) NOT NULL)[0m
  [1m[35m (0.4ms)[0m  [1m[35mDROP TABLE IF EXISTS "games"[0m
  [1m[35m (57.2ms)[0m  [1m[35mCREATE TABLE "games" ("id" integer PRIMARY KEY AUTOINCREMENT NOT NULL, "username" varchar, "created_at" datetime(6) NOT NULL, "updated_at" datetime(6) NOT NULL)[0m
  [1m[35m (0.4ms)[0m  [1m[35mDROP TABLE IF EXISTS "levels"[0m
  [1m[35m (25.6ms)[0m  [1m[35mCREATE TABLE "levels" ("id" integer PRIMARY KEY AUTOINCREMENT NOT NULL, "level_number" integer, "created_at" datetime(6) NOT NULL, "updated_at" datetime(6) NOT NULL)[0m
  [1m[35m (33.7ms)[0m  [1m[35mCREATE TABLE "schema_migrations" ("version" varchar NOT NULL PRIMARY KEY)[0m
  [1m[35m (0.2ms)[0m  [1m[34mSELECT "schema_migrations"."version" FROM "schema_migrations" ORDER BY "schema_migrations"."version" ASC[0m
  [1m[35m (31.8ms)[0m  [1m[32mINSERT INTO "schema_migrations" (version) VALUES (20210421160054)[0m
  [1m[35m (19.8ms)[0m  [1m[32mINSERT INTO "schema_migrations" (version) VALUES
(20210420185315),
(20210420185510),
(20210420185706);

[0m
  [1m[35m (59.4ms)[0m  [1m[35mCREATE TABLE "ar_internal_metadata" ("key" varchar NOT NULL PRIMARY KEY, "value" varchar, "created_at" datetime(6) NOT NULL, "updated_at" datetime(6) NOT NULL)[0m
  [1m[36mActiveRecord::InternalMetadata Load (0.4ms)[0m  [1m[34mSELECT "ar_internal_metadata".* FROM "ar_internal_metadata" WHERE "ar_internal_metadata"."key" = ? LIMIT ?[0m  [["key", "environment"], ["LIMIT", 1]]
  [1m[35m (0.1ms)[0m  [1m[36mbegin transaction[0m
  [1m[36mActiveRecord::InternalMetadata Create (2.2ms)[0m  [1m[32mINSERT INTO "ar_internal_metadata" ("key", "value", "created_at", "updated_at") VALUES (?, ?, ?, ?)[0m  [["key", "environment"], ["value", "development"], ["created_at", "2021-04-22 20:09:30.210712"], ["updated_at", "2021-04-22 20:09:30.210712"]]
  [1m[35m (21.9ms)[0m  [1m[36mcommit transaction[0m
  [1m[36mActiveRecord::InternalMetadata Load (0.2ms)[0m  [1m[34mSELECT "ar_internal_metadata".* FROM "ar_internal_metadata" WHERE "ar_internal_metadata"."key" = ? LIMIT ?[0m  [["key", "environment"], ["LIMIT", 1]]
  [1m[35m (0.1ms)[0m  [1m[36mbegin transaction[0m
  [1m[36mActiveRecord::InternalMetadata Update (1.4ms)[0m  [1m[33mUPDATE "ar_internal_metadata" SET "value" = ?, "updated_at" = ? WHERE "ar_internal_metadata"."key" = ?[0m  [["value", "test"], ["updated_at", "2021-04-22 20:09:30.301500"], ["key", "environment"]]
  [1m[35m (53.4ms)[0m  [1m[36mcommit transaction[0m
  [1m[36mActiveRecord::InternalMetadata Load (0.3ms)[0m  [1m[34mSELECT "ar_internal_metadata".* FROM "ar_internal_metadata" WHERE "ar_internal_metadata"."key" = ? LIMIT ?[0m  [["key", "schema_sha1"], ["LIMIT", 1]]
  [1m[35m (0.1ms)[0m  [1m[36mbegin transaction[0m
  [1m[36mActiveRecord::InternalMetadata Create (1.2ms)[0m  [1m[32mINSERT INTO "ar_internal_metadata" ("key", "value", "created_at", "updated_at") VALUES (?, ?, ?, ?)[0m  [["key", "schema_sha1"], ["value", "0cfc6115216c0d0b323997c65c9237bbf21c3c78"], ["created_at", "2021-04-22 20:09:30.371000"], ["updated_at", "2021-04-22 20:09:30.371000"]]
  [1m[35m (19.4ms)[0m  [1m[36mcommit transaction[0m
  [1m[35m (0.1ms)[0m  [1m[34mSELECT sqlite_version(*)[0m
  [1m[35m (0.6ms)[0m  [1m[34mSELECT "schema_migrations"."version" FROM "schema_migrations" ORDER BY "schema_migrations"."version" ASC[0m
  [1m[35m (0.1ms)[0m  [1m[34mSELECT sqlite_version(*)[0m
  [1m[35m (0.1ms)[0m  [1m[36mbegin transaction[0m
  [1m[36mGame Create (1.6ms)[0m  [1m[32mINSERT INTO "games" ("username", "created_at", "updated_at") VALUES (?, ?, ?)[0m  [["username", "ronda"], ["created_at", "2021-04-22 20:09:30.529250"], ["updated_at", "2021-04-22 20:09:30.529250"]]
  [1m[35m (35.1ms)[0m  [1m[36mcommit transaction[0m
  [1m[35m (0.1ms)[0m  [1m[36mbegin transaction[0m
  [1m[36mGame Create (1.7ms)[0m  [1m[32mINSERT INTO "games" ("username", "created_at", "updated_at") VALUES (?, ?, ?)[0m  [["username", "Nathan"], ["created_at", "2021-04-22 20:09:30.590173"], ["updated_at", "2021-04-22 20:09:30.590173"]]
  [1m[35m (33.2ms)[0m  [1m[36mcommit transaction[0m
  [1m[35m (0.5ms)[0m  [1m[36mbegin transaction[0m
  [1m[36mGame Create (1.7ms)[0m  [1m[32mINSERT INTO "games" ("username", "created_at", "updated_at") VALUES (?, ?, ?)[0m  [["username", "Lillian"], ["created_at", "2021-04-22 20:09:30.632918"], ["updated_at", "2021-04-22 20:09:30.632918"]]
  [1m[35m (24.8ms)[0m  [1m[36mcommit transaction[0m
  [1m[35m (11.3ms)[0m  [1m[34mSELECT sqlite_version(*)[0m
  [1m[36mGame Load (0.6ms)[0m  [1m[34mSELECT "games".* FROM "games" LIMIT ?[0m  [["LIMIT", 11]]
Started GET "/games" for ::1 at 2021-04-22 15:11:08 -0500
  [1m[35m (4.6ms)[0m  [1m[34mSELECT sqlite_version(*)[0m
  [1m[35m (0.8ms)[0m  [1m[34mSELECT "schema_migrations"."version" FROM "schema_migrations" ORDER BY "schema_migrations"."version" ASC[0m
Processing by GamesController#index as HTML
  [1m[36mGame Load (0.4ms)[0m  [1m[34mSELECT "games".* FROM "games"[0m
  ↳ app/controllers/games_controller.rb:5:in `index'
Completed 200 OK in 91ms (Views: 74.8ms | ActiveRecord: 3.1ms | Allocations: 5369)


Started GET "/" for ::1 at 2021-04-22 16:03:30 -0500
  [1m[35m (0.2ms)[0m  [1m[34mSELECT sqlite_version(*)[0m
Processing by Rails::WelcomeController#index as HTML
  Rendering /home/cowenhome/.rvm/gems/ruby-2.6.1/gems/railties-6.0.3.6/lib/rails/templates/rails/welcome/index.html.erb
  Rendered /home/cowenhome/.rvm/gems/ruby-2.6.1/gems/railties-6.0.3.6/lib/rails/templates/rails/welcome/index.html.erb (Duration: 48.6ms | Allocations: 315)
Completed 200 OK in 99ms (Views: 64.7ms | ActiveRecord: 0.0ms | Allocations: 1744)


Started GET "/" for ::1 at 2021-04-22 20:36:04 -0500
  [1m[35m (1.9ms)[0m  [1m[34mSELECT sqlite_version(*)[0m
  [1m[35m (0.2ms)[0m  [1m[34mSELECT "schema_migrations"."version" FROM "schema_migrations" ORDER BY "schema_migrations"."version" ASC[0m
Processing by Rails::WelcomeController#index as HTML
  Rendering /home/cowenhome/.rvm/gems/ruby-2.6.1/gems/railties-6.0.3.6/lib/rails/templates/rails/welcome/index.html.erb
  Rendered /home/cowenhome/.rvm/gems/ruby-2.6.1/gems/railties-6.0.3.6/lib/rails/templates/rails/welcome/index.html.erb (Duration: 23.2ms | Allocations: 315)
Completed 200 OK in 43ms (Views: 30.2ms | ActiveRecord: 0.0ms | Allocations: 1591)


Started GET "/games" for ::1 at 2021-04-22 20:36:15 -0500
Processing by GamesController#index as HTML
  [1m[36mGame Load (0.4ms)[0m  [1m[34mSELECT "games".* FROM "games"[0m
  ↳ app/controllers/games_controller.rb:5:in `index'
  [1m[36mLevel Load (1.0ms)[0m  [1m[34mSELECT "levels".* FROM "levels" WHERE "levels"."game_id" = ?[0m  [["game_id", 1]]
  ↳ app/controllers/games_controller.rb:5:in `index'
Completed 500 Internal Server Error in 137ms (ActiveRecord: 4.4ms | Allocations: 11088)


  
ActiveRecord::StatementInvalid (SQLite3::SQLException: no such column: levels.game_id):
  
app/controllers/games_controller.rb:5:in `index'
Started GET "/games" for ::1 at 2021-04-22 20:36:42 -0500
  [1m[35m (0.1ms)[0m  [1m[34mSELECT sqlite_version(*)[0m
Processing by GamesController#index as HTML
  [1m[36mGame Load (0.4ms)[0m  [1m[34mSELECT "games".* FROM "games"[0m
  ↳ app/controllers/games_controller.rb:5:in `index'
Completed 200 OK in 31ms (Views: 22.9ms | ActiveRecord: 4.3ms | Allocations: 4959)


Started GET "/" for ::1 at 2021-04-22 20:37:01 -0500
Processing by Rails::WelcomeController#index as HTML
  Rendering /home/cowenhome/.rvm/gems/ruby-2.6.1/gems/railties-6.0.3.6/lib/rails/templates/rails/welcome/index.html.erb
  Rendered /home/cowenhome/.rvm/gems/ruby-2.6.1/gems/railties-6.0.3.6/lib/rails/templates/rails/welcome/index.html.erb (Duration: 12.6ms | Allocations: 191)
Completed 200 OK in 22ms (Views: 17.8ms | ActiveRecord: 0.0ms | Allocations: 729)


Started GET "/games" for ::1 at 2021-04-22 20:37:07 -0500
Processing by GamesController#index as HTML
  [1m[36mGame Load (0.4ms)[0m  [1m[34mSELECT "games".* FROM "games"[0m
  ↳ app/controllers/games_controller.rb:5:in `index'
Completed 200 OK in 10ms (Views: 5.0ms | ActiveRecord: 0.4ms | Allocations: 1162)


Started GET "/sockjs-node" for ::1 at 2021-04-25 13:37:14 -0500
Started GET "/manifest.json" for ::1 at 2021-04-25 13:37:14 -0500
Started GET "/static/js/bundle.js.map" for ::1 at 2021-04-25 13:37:14 -0500
  [1m[35m (0.1ms)[0m  [1m[34mSELECT sqlite_version(*)[0m
  [1m[35m (2.0ms)[0m  [1m[34mSELECT sqlite_version(*)[0m
  [1m[35m (0.4ms)[0m  [1m[34mSELECT sqlite_version(*)[0m
  [1m[35m (0.3ms)[0m  [1m[34mSELECT "schema_migrations"."version" FROM "schema_migrations" ORDER BY "schema_migrations"."version" ASC[0m
  [1m[35m (3.5ms)[0m  [1m[34mSELECT "schema_migrations"."version" FROM "schema_migrations" ORDER BY "schema_migrations"."version" ASC[0m
  
ActionController::RoutingError (No route matches [GET] "/sockjs-node"):
  
actionpack (6.0.3.6) lib/action_dispatch/middleware/debug_exceptions.rb:36:in `call'
actionpack (6.0.3.6) lib/action_dispatch/middleware/show_exceptions.rb:33:in `call'
railties (6.0.3.6) lib/rails/rack/logger.rb:37:in `call_app'
railties (6.0.3.6) lib/rails/rack/logger.rb:26:in `block in call'
activesupport (6.0.3.6) lib/active_support/tagged_logging.rb:80:in `block in tagged'
activesupport (6.0.3.6) lib/active_support/tagged_logging.rb:28:in `tagged'
activesupport (6.0.3.6) lib/active_support/tagged_logging.rb:80:in `tagged'
railties (6.0.3.6) lib/rails/rack/logger.rb:26:in `call'
actionpack (6.0.3.6) lib/action_dispatch/middleware/remote_ip.rb:81:in `call'
actionpack (6.0.3.6) lib/action_dispatch/middleware/request_id.rb:27:in `call'
rack (2.2.3) lib/rack/runtime.rb:22:in `call'
activesupport (6.0.3.6) lib/active_support/cache/strategy/local_cache_middleware.rb:29:in `call'
actionpack (6.0.3.6) lib/action_dispatch/middleware/executor.rb:14:in `call'
actionpack (6.0.3.6) lib/action_dispatch/middleware/static.rb:126:in `call'
rack (2.2.3) lib/rack/sendfile.rb:110:in `call'
actionpack (6.0.3.6) lib/action_dispatch/middleware/host_authorization.rb:82:in `call'
rack-cors (1.1.1) lib/rack/cors.rb:100:in `call'
railties (6.0.3.6) lib/rails/engine.rb:527:in `call'
puma (4.3.7) lib/puma/configuration.rb:228:in `call'
puma (4.3.7) lib/puma/server.rb:713:in `handle_request'
puma (4.3.7) lib/puma/server.rb:472:in `process_client'
puma (4.3.7) lib/puma/server.rb:328:in `block in run'
puma (4.3.7) lib/puma/thread_pool.rb:134:in `block in spawn_thread'
  [1m[35m (0.3ms)[0m  [1m[34mSELECT "schema_migrations"."version" FROM "schema_migrations" ORDER BY "schema_migrations"."version" ASC[0m
  
ActionController::RoutingError (No route matches [GET] "/manifest.json"):
  
actionpack (6.0.3.6) lib/action_dispatch/middleware/debug_exceptions.rb:36:in `call'
actionpack (6.0.3.6) lib/action_dispatch/middleware/show_exceptions.rb:33:in `call'
railties (6.0.3.6) lib/rails/rack/logger.rb:37:in `call_app'
railties (6.0.3.6) lib/rails/rack/logger.rb:26:in `block in call'
activesupport (6.0.3.6) lib/active_support/tagged_logging.rb:80:in `block in tagged'
activesupport (6.0.3.6) lib/active_support/tagged_logging.rb:28:in `tagged'
activesupport (6.0.3.6) lib/active_support/tagged_logging.rb:80:in `tagged'
railties (6.0.3.6) lib/rails/rack/logger.rb:26:in `call'
actionpack (6.0.3.6) lib/action_dispatch/middleware/remote_ip.rb:81:in `call'
actionpack (6.0.3.6) lib/action_dispatch/middleware/request_id.rb:27:in `call'
rack (2.2.3) lib/rack/runtime.rb:22:in `call'
activesupport (6.0.3.6) lib/active_support/cache/strategy/local_cache_middleware.rb:29:in `call'
actionpack (6.0.3.6) lib/action_dispatch/middleware/executor.rb:14:in `call'
actionpack (6.0.3.6) lib/action_dispatch/middleware/static.rb:126:in `call'
rack (2.2.3) lib/rack/sendfile.rb:110:in `call'
actionpack (6.0.3.6) lib/action_dispatch/middleware/host_authorization.rb:82:in `call'
rack-cors (1.1.1) lib/rack/cors.rb:100:in `call'
railties (6.0.3.6) lib/rails/engine.rb:527:in `call'
puma (4.3.7) lib/puma/configuration.rb:228:in `call'
puma (4.3.7) lib/puma/server.rb:713:in `handle_request'
puma (4.3.7) lib/puma/server.rb:472:in `process_client'
puma (4.3.7) lib/puma/server.rb:328:in `block in run'
puma (4.3.7) lib/puma/thread_pool.rb:134:in `block in spawn_thread'
  
ActionController::RoutingError (No route matches [GET] "/static/js/bundle.js.map"):
  
actionpack (6.0.3.6) lib/action_dispatch/middleware/debug_exceptions.rb:36:in `call'
actionpack (6.0.3.6) lib/action_dispatch/middleware/show_exceptions.rb:33:in `call'
railties (6.0.3.6) lib/rails/rack/logger.rb:37:in `call_app'
railties (6.0.3.6) lib/rails/rack/logger.rb:26:in `block in call'
activesupport (6.0.3.6) lib/active_support/tagged_logging.rb:80:in `block in tagged'
activesupport (6.0.3.6) lib/active_support/tagged_logging.rb:28:in `tagged'
activesupport (6.0.3.6) lib/active_support/tagged_logging.rb:80:in `tagged'
railties (6.0.3.6) lib/rails/rack/logger.rb:26:in `call'
actionpack (6.0.3.6) lib/action_dispatch/middleware/remote_ip.rb:81:in `call'
actionpack (6.0.3.6) lib/action_dispatch/middleware/request_id.rb:27:in `call'
rack (2.2.3) lib/rack/runtime.rb:22:in `call'
activesupport (6.0.3.6) lib/active_support/cache/strategy/local_cache_middleware.rb:29:in `call'
actionpack (6.0.3.6) lib/action_dispatch/middleware/executor.rb:14:in `call'
actionpack (6.0.3.6) lib/action_dispatch/middleware/static.rb:126:in `call'
rack (2.2.3) lib/rack/sendfile.rb:110:in `call'
actionpack (6.0.3.6) lib/action_dispatch/middleware/host_authorization.rb:82:in `call'
rack-cors (1.1.1) lib/rack/cors.rb:100:in `call'
railties (6.0.3.6) lib/rails/engine.rb:527:in `call'
puma (4.3.7) lib/puma/configuration.rb:228:in `call'
puma (4.3.7) lib/puma/server.rb:713:in `handle_request'
puma (4.3.7) lib/puma/server.rb:472:in `process_client'
puma (4.3.7) lib/puma/server.rb:328:in `block in run'
puma (4.3.7) lib/puma/thread_pool.rb:134:in `block in spawn_thread'
Started GET "/" for ::1 at 2021-04-25 20:32:38 -0500
  [1m[35m (4.0ms)[0m  [1m[34mSELECT sqlite_version(*)[0m
  [1m[35m (1.3ms)[0m  [1m[34mSELECT "schema_migrations"."version" FROM "schema_migrations" ORDER BY "schema_migrations"."version" ASC[0m
Processing by Rails::WelcomeController#index as HTML
  Rendering /home/cowenhome/.rvm/gems/ruby-2.6.1/gems/railties-6.0.3.6/lib/rails/templates/rails/welcome/index.html.erb
  Rendered /home/cowenhome/.rvm/gems/ruby-2.6.1/gems/railties-6.0.3.6/lib/rails/templates/rails/welcome/index.html.erb (Duration: 22.8ms | Allocations: 315)
Completed 200 OK in 42ms (Views: 28.6ms | ActiveRecord: 0.0ms | Allocations: 1591)


Started GET "/games" for ::1 at 2021-04-25 20:32:46 -0500
Processing by GamesController#index as HTML
  [1m[36mGame Load (0.6ms)[0m  [1m[34mSELECT "games".* FROM "games"[0m
  ↳ app/controllers/games_controller.rb:5:in `index'
Completed 200 OK in 44ms (Views: 27.8ms | ActiveRecord: 4.0ms | Allocations: 5379)


Started GET "/games" for ::1 at 2021-04-26 12:44:04 -0500
  [1m[35m (1.4ms)[0m  [1m[34mSELECT sqlite_version(*)[0m
  [1m[35m (0.9ms)[0m  [1m[34mSELECT "schema_migrations"."version" FROM "schema_migrations" ORDER BY "schema_migrations"."version" ASC[0m
Processing by GamesController#index as HTML
  [1m[36mGame Load (0.4ms)[0m  [1m[34mSELECT "games".* FROM "games"[0m
  ↳ app/controllers/games_controller.rb:5:in `index'
Completed 200 OK in 52ms (Views: 35.9ms | ActiveRecord: 4.8ms | Allocations: 5369)


Started GET "/" for ::1 at 2021-04-27 12:45:49 -0500
  [1m[35m (2.3ms)[0m  [1m[34mSELECT sqlite_version(*)[0m
  [1m[35m (0.7ms)[0m  [1m[34mSELECT "schema_migrations"."version" FROM "schema_migrations" ORDER BY "schema_migrations"."version" ASC[0m
Processing by Rails::WelcomeController#index as HTML
  Rendering /home/cowenhome/.rvm/gems/ruby-2.6.1/gems/railties-6.0.3.6/lib/rails/templates/rails/welcome/index.html.erb
  Rendered /home/cowenhome/.rvm/gems/ruby-2.6.1/gems/railties-6.0.3.6/lib/rails/templates/rails/welcome/index.html.erb (Duration: 21.4ms | Allocations: 315)
Completed 200 OK in 39ms (Views: 26.4ms | ActiveRecord: 0.0ms | Allocations: 1591)


Started GET "/games" for ::1 at 2021-04-27 12:45:57 -0500
Processing by GamesController#index as HTML
  [1m[36mGame Load (0.4ms)[0m  [1m[34mSELECT "games".* FROM "games"[0m
  ↳ app/controllers/games_controller.rb:5:in `index'
Completed 200 OK in 96ms (Views: 55.6ms | ActiveRecord: 11.6ms | Allocations: 5450)


Started GET "/routes" for ::1 at 2021-04-27 14:11:53 -0500
  [1m[35m (0.2ms)[0m  [1m[34mSELECT sqlite_version(*)[0m
  
ActionController::RoutingError (No route matches [GET] "/routes"):
  
actionpack (6.0.3.6) lib/action_dispatch/middleware/debug_exceptions.rb:36:in `call'
actionpack (6.0.3.6) lib/action_dispatch/middleware/show_exceptions.rb:33:in `call'
railties (6.0.3.6) lib/rails/rack/logger.rb:37:in `call_app'
railties (6.0.3.6) lib/rails/rack/logger.rb:26:in `block in call'
activesupport (6.0.3.6) lib/active_support/tagged_logging.rb:80:in `block in tagged'
activesupport (6.0.3.6) lib/active_support/tagged_logging.rb:28:in `tagged'
activesupport (6.0.3.6) lib/active_support/tagged_logging.rb:80:in `tagged'
railties (6.0.3.6) lib/rails/rack/logger.rb:26:in `call'
actionpack (6.0.3.6) lib/action_dispatch/middleware/remote_ip.rb:81:in `call'
actionpack (6.0.3.6) lib/action_dispatch/middleware/request_id.rb:27:in `call'
rack (2.2.3) lib/rack/runtime.rb:22:in `call'
activesupport (6.0.3.6) lib/active_support/cache/strategy/local_cache_middleware.rb:29:in `call'
actionpack (6.0.3.6) lib/action_dispatch/middleware/executor.rb:14:in `call'
actionpack (6.0.3.6) lib/action_dispatch/middleware/static.rb:126:in `call'
rack (2.2.3) lib/rack/sendfile.rb:110:in `call'
actionpack (6.0.3.6) lib/action_dispatch/middleware/host_authorization.rb:82:in `call'
rack-cors (1.1.1) lib/rack/cors.rb:100:in `call'
railties (6.0.3.6) lib/rails/engine.rb:527:in `call'
puma (4.3.7) lib/puma/configuration.rb:228:in `call'
puma (4.3.7) lib/puma/server.rb:713:in `handle_request'
puma (4.3.7) lib/puma/server.rb:472:in `process_client'
puma (4.3.7) lib/puma/server.rb:328:in `block in run'
puma (4.3.7) lib/puma/thread_pool.rb:134:in `block in spawn_thread'
Started GET "/games" for ::1 at 2021-04-27 14:24:00 -0500
  [1m[35m (0.1ms)[0m  [1m[34mSELECT sqlite_version(*)[0m
Processing by GamesController#index as HTML
  [1m[36mGame Load (0.5ms)[0m  [1m[34mSELECT "games".* FROM "games"[0m
  ↳ app/controllers/games_controller.rb:5:in `index'
Completed 200 OK in 10ms (Views: 9.4ms | ActiveRecord: 0.5ms | Allocations: 1207)


Started GET "/" for ::1 at 2021-04-27 16:05:27 -0500
  [1m[35m (1.3ms)[0m  [1m[34mSELECT sqlite_version(*)[0m
  [1m[35m (0.4ms)[0m  [1m[34mSELECT "schema_migrations"."version" FROM "schema_migrations" ORDER BY "schema_migrations"."version" ASC[0m
Processing by Rails::WelcomeController#index as HTML
  Rendering /home/cowenhome/.rvm/gems/ruby-2.6.1/gems/railties-6.0.3.6/lib/rails/templates/rails/welcome/index.html.erb
  Rendered /home/cowenhome/.rvm/gems/ruby-2.6.1/gems/railties-6.0.3.6/lib/rails/templates/rails/welcome/index.html.erb (Duration: 26.2ms | Allocations: 315)
Completed 200 OK in 51ms (Views: 37.8ms | ActiveRecord: 0.0ms | Allocations: 1592)


Started GET "/games" for ::1 at 2021-04-27 16:05:32 -0500
Processing by GamesController#index as HTML
  [1m[36mGame Load (0.4ms)[0m  [1m[34mSELECT "games".* FROM "games"[0m
  ↳ app/controllers/games_controller.rb:5:in `index'
Completed 200 OK in 40ms (Views: 28.8ms | ActiveRecord: 1.7ms | Allocations: 5379)


Started GET "/games" for ::1 at 2021-04-27 18:25:54 -0500
  [1m[35m (0.3ms)[0m  [1m[34mSELECT sqlite_version(*)[0m
Processing by GamesController#index as HTML
  [1m[36mGame Load (0.7ms)[0m  [1m[34mSELECT "games".* FROM "games"[0m
  ↳ app/controllers/games_controller.rb:5:in `index'
Completed 200 OK in 20ms (Views: 15.3ms | ActiveRecord: 0.7ms | Allocations: 1189)


Started GET "/favicon.ico" for ::1 at 2021-04-27 18:25:55 -0500
  
ActionController::RoutingError (No route matches [GET] "/favicon.ico"):
  
actionpack (6.0.3.6) lib/action_dispatch/middleware/debug_exceptions.rb:36:in `call'
actionpack (6.0.3.6) lib/action_dispatch/middleware/show_exceptions.rb:33:in `call'
railties (6.0.3.6) lib/rails/rack/logger.rb:37:in `call_app'
railties (6.0.3.6) lib/rails/rack/logger.rb:26:in `block in call'
activesupport (6.0.3.6) lib/active_support/tagged_logging.rb:80:in `block in tagged'
activesupport (6.0.3.6) lib/active_support/tagged_logging.rb:28:in `tagged'
activesupport (6.0.3.6) lib/active_support/tagged_logging.rb:80:in `tagged'
railties (6.0.3.6) lib/rails/rack/logger.rb:26:in `call'
actionpack (6.0.3.6) lib/action_dispatch/middleware/remote_ip.rb:81:in `call'
actionpack (6.0.3.6) lib/action_dispatch/middleware/request_id.rb:27:in `call'
rack (2.2.3) lib/rack/runtime.rb:22:in `call'
activesupport (6.0.3.6) lib/active_support/cache/strategy/local_cache_middleware.rb:29:in `call'
actionpack (6.0.3.6) lib/action_dispatch/middleware/executor.rb:14:in `call'
actionpack (6.0.3.6) lib/action_dispatch/middleware/static.rb:126:in `call'
rack (2.2.3) lib/rack/sendfile.rb:110:in `call'
actionpack (6.0.3.6) lib/action_dispatch/middleware/host_authorization.rb:82:in `call'
rack-cors (1.1.1) lib/rack/cors.rb:100:in `call'
railties (6.0.3.6) lib/rails/engine.rb:527:in `call'
puma (4.3.7) lib/puma/configuration.rb:228:in `call'
puma (4.3.7) lib/puma/server.rb:713:in `handle_request'
puma (4.3.7) lib/puma/server.rb:472:in `process_client'
puma (4.3.7) lib/puma/server.rb:328:in `block in run'
puma (4.3.7) lib/puma/thread_pool.rb:134:in `block in spawn_thread'
Started GET "/games" for ::1 at 2021-04-28 12:17:05 -0500
  [1m[35m (1.5ms)[0m  [1m[34mSELECT sqlite_version(*)[0m
  [1m[35m (0.5ms)[0m  [1m[34mSELECT "schema_migrations"."version" FROM "schema_migrations" ORDER BY "schema_migrations"."version" ASC[0m
Processing by GamesController#index as HTML
  [1m[36mGame Load (0.2ms)[0m  [1m[34mSELECT "games".* FROM "games"[0m
  ↳ app/controllers/games_controller.rb:5:in `index'
Completed 200 OK in 27ms (Views: 11.4ms | ActiveRecord: 9.5ms | Allocations: 5369)


Started GET "/games" for ::1 at 2021-04-28 14:16:23 -0500
  [1m[35m (1.3ms)[0m  [1m[34mSELECT sqlite_version(*)[0m
Processing by GamesController#index as HTML
  [1m[36mGame Load (1.3ms)[0m  [1m[34mSELECT "games".* FROM "games"[0m
  ↳ app/controllers/games_controller.rb:5:in `index'
Completed 200 OK in 11ms (Views: 8.4ms | ActiveRecord: 1.3ms | Allocations: 1189)


Started GET "/games" for ::1 at 2021-04-28 14:53:03 -0500
  [1m[35m (0.2ms)[0m  [1m[34mSELECT sqlite_version(*)[0m
Processing by GamesController#index as HTML
  [1m[36mGame Load (0.9ms)[0m  [1m[34mSELECT "games".* FROM "games"[0m
  ↳ app/controllers/games_controller.rb:5:in `index'
Completed 200 OK in 27ms (Views: 25.2ms | ActiveRecord: 0.9ms | Allocations: 1189)


Started GET "/games" for ::1 at 2021-04-28 14:57:31 -0500
Processing by GamesController#index as HTML
  [1m[36mGame Load (0.3ms)[0m  [1m[34mSELECT "games".* FROM "games"[0m
  ↳ app/controllers/games_controller.rb:5:in `index'
Completed 200 OK in 10ms (Views: 9.0ms | ActiveRecord: 0.3ms | Allocations: 1179)


Started GET "/" for ::1 at 2021-04-28 15:16:48 -0500
  [1m[35m (1.0ms)[0m  [1m[34mSELECT sqlite_version(*)[0m
  [1m[35m (0.2ms)[0m  [1m[34mSELECT "schema_migrations"."version" FROM "schema_migrations" ORDER BY "schema_migrations"."version" ASC[0m
Processing by Rails::WelcomeController#index as HTML
  Rendering /home/cowenhome/.rvm/gems/ruby-2.6.1/gems/railties-6.0.3.6/lib/rails/templates/rails/welcome/index.html.erb
  Rendered /home/cowenhome/.rvm/gems/ruby-2.6.1/gems/railties-6.0.3.6/lib/rails/templates/rails/welcome/index.html.erb (Duration: 19.9ms | Allocations: 315)
Completed 200 OK in 34ms (Views: 25.3ms | ActiveRecord: 0.0ms | Allocations: 1591)


Started GET "/favicon.ico" for ::1 at 2021-04-28 15:16:49 -0500
  
ActionController::RoutingError (No route matches [GET] "/favicon.ico"):
  
actionpack (6.0.3.6) lib/action_dispatch/middleware/debug_exceptions.rb:36:in `call'
actionpack (6.0.3.6) lib/action_dispatch/middleware/show_exceptions.rb:33:in `call'
railties (6.0.3.6) lib/rails/rack/logger.rb:37:in `call_app'
railties (6.0.3.6) lib/rails/rack/logger.rb:26:in `block in call'
activesupport (6.0.3.6) lib/active_support/tagged_logging.rb:80:in `block in tagged'
activesupport (6.0.3.6) lib/active_support/tagged_logging.rb:28:in `tagged'
activesupport (6.0.3.6) lib/active_support/tagged_logging.rb:80:in `tagged'
railties (6.0.3.6) lib/rails/rack/logger.rb:26:in `call'
actionpack (6.0.3.6) lib/action_dispatch/middleware/remote_ip.rb:81:in `call'
actionpack (6.0.3.6) lib/action_dispatch/middleware/request_id.rb:27:in `call'
rack (2.2.3) lib/rack/runtime.rb:22:in `call'
activesupport (6.0.3.6) lib/active_support/cache/strategy/local_cache_middleware.rb:29:in `call'
actionpack (6.0.3.6) lib/action_dispatch/middleware/executor.rb:14:in `call'
actionpack (6.0.3.6) lib/action_dispatch/middleware/static.rb:126:in `call'
rack (2.2.3) lib/rack/sendfile.rb:110:in `call'
actionpack (6.0.3.6) lib/action_dispatch/middleware/host_authorization.rb:82:in `call'
rack-cors (1.1.1) lib/rack/cors.rb:100:in `call'
railties (6.0.3.6) lib/rails/engine.rb:527:in `call'
puma (4.3.7) lib/puma/configuration.rb:228:in `call'
puma (4.3.7) lib/puma/server.rb:713:in `handle_request'
puma (4.3.7) lib/puma/server.rb:472:in `process_client'
puma (4.3.7) lib/puma/server.rb:328:in `block in run'
puma (4.3.7) lib/puma/thread_pool.rb:134:in `block in spawn_thread'
Started GET "/games" for ::1 at 2021-04-28 15:16:52 -0500
Processing by GamesController#index as HTML
  [1m[36mGame Load (2.0ms)[0m  [1m[34mSELECT "games".* FROM "games"[0m
  ↳ app/controllers/games_controller.rb:5:in `index'
Completed 200 OK in 18ms (Views: 8.8ms | ActiveRecord: 2.9ms | Allocations: 5452)


Started GET "/" for ::1 at 2021-04-28 19:33:20 -0500
  [1m[35m (0.3ms)[0m  [1m[34mSELECT sqlite_version(*)[0m
Processing by Rails::WelcomeController#index as */*
  Rendering /home/cowenhome/.rvm/gems/ruby-2.6.1/gems/railties-6.0.3.6/lib/rails/templates/rails/welcome/index.html.erb
  Rendered /home/cowenhome/.rvm/gems/ruby-2.6.1/gems/railties-6.0.3.6/lib/rails/templates/rails/welcome/index.html.erb (Duration: 31.0ms | Allocations: 192)
Completed 200 OK in 41ms (Views: 38.5ms | ActiveRecord: 0.0ms | Allocations: 773)


Started GET "/" for ::1 at 2021-04-28 19:34:47 -0500
Processing by Rails::WelcomeController#index as */*
  Rendering /home/cowenhome/.rvm/gems/ruby-2.6.1/gems/railties-6.0.3.6/lib/rails/templates/rails/welcome/index.html.erb
  Rendered /home/cowenhome/.rvm/gems/ruby-2.6.1/gems/railties-6.0.3.6/lib/rails/templates/rails/welcome/index.html.erb (Duration: 1.3ms | Allocations: 8)
Completed 200 OK in 30ms (Views: 28.5ms | ActiveRecord: 0.0ms | Allocations: 242)


Started GET "/games" for ::1 at 2021-04-28 19:35:04 -0500
Processing by GamesController#index as */*
  [1m[36mGame Load (0.5ms)[0m  [1m[34mSELECT "games".* FROM "games"[0m
  ↳ app/controllers/games_controller.rb:5:in `index'
Completed 200 OK in 14ms (Views: 12.6ms | ActiveRecord: 0.5ms | Allocations: 1180)


Started GET "/games" for ::1 at 2021-04-28 19:41:36 -0500
  [1m[35m (0.2ms)[0m  [1m[34mSELECT sqlite_version(*)[0m
Processing by GamesController#index as */*
  [1m[36mGame Load (8.8ms)[0m  [1m[34mSELECT "games".* FROM "games"[0m
  ↳ app/controllers/games_controller.rb:5:in `index'
Completed 200 OK in 24ms (Views: 14.8ms | ActiveRecord: 8.8ms | Allocations: 1189)


Started GET "/games" for ::1 at 2021-04-28 20:34:17 -0500
  [1m[35m (0.5ms)[0m  [1m[34mSELECT sqlite_version(*)[0m
Processing by GamesController#index as */*
  [1m[36mGame Load (0.4ms)[0m  [1m[34mSELECT "games".* FROM "games"[0m
  ↳ app/controllers/games_controller.rb:5:in `index'
Completed 200 OK in 35ms (Views: 22.3ms | ActiveRecord: 0.4ms | Allocations: 4566)


Started GET "/games" for ::1 at 2021-04-28 20:34:27 -0500
Processing by GamesController#index as HTML
  [1m[36mGame Load (0.9ms)[0m  [1m[34mSELECT "games".* FROM "games"[0m
  ↳ app/controllers/games_controller.rb:5:in `index'
Completed 200 OK in 5ms (Views: 3.8ms | ActiveRecord: 0.9ms | Allocations: 1162)


Started GET "/games" for ::1 at 2021-04-28 20:34:58 -0500
Processing by GamesController#index as */*
  [1m[36mGame Load (0.4ms)[0m  [1m[34mSELECT "games".* FROM "games"[0m
  ↳ app/controllers/games_controller.rb:5:in `index'
Completed 200 OK in 7ms (Views: 6.1ms | ActiveRecord: 0.4ms | Allocations: 1164)


Started GET "/games" for ::1 at 2021-04-28 20:35:00 -0500
Processing by GamesController#index as */*
  [1m[36mGame Load (0.3ms)[0m  [1m[34mSELECT "games".* FROM "games"[0m
  ↳ app/controllers/games_controller.rb:5:in `index'
Completed 200 OK in 4ms (Views: 2.8ms | ActiveRecord: 0.3ms | Allocations: 1164)


Started GET "/games" for ::1 at 2021-04-28 20:35:07 -0500
Processing by GamesController#index as */*
  [1m[36mGame Load (0.5ms)[0m  [1m[34mSELECT "games".* FROM "games"[0m
  ↳ app/controllers/games_controller.rb:5:in `index'
Completed 200 OK in 6ms (Views: 4.6ms | ActiveRecord: 0.5ms | Allocations: 1172)


  [1m[35m (0.7ms)[0m  [1m[34mSELECT sqlite_version(*)[0m
  [1m[35m (0.2ms)[0m  [1m[34mSELECT "schema_migrations"."version" FROM "schema_migrations" ORDER BY "schema_migrations"."version" ASC[0m
Migrating to ChangeTable (20210429172848)
  [1m[35m (0.1ms)[0m  [1m[36mbegin transaction[0m
  [1m[35m (0.9ms)[0m  [1m[35mALTER TABLE "challenges" ADD "emotion_number" integer[0m
  [1m[35m (0.1ms)[0m  [1m[31mrollback transaction[0m
  [1m[35m (0.6ms)[0m  [1m[34mSELECT sqlite_version(*)[0m
  [1m[35m (0.4ms)[0m  [1m[34mSELECT "schema_migrations"."version" FROM "schema_migrations" ORDER BY "schema_migrations"."version" ASC[0m
Migrating to ChangeTable (20210429172848)
  [1m[35m (0.1ms)[0m  [1m[36mbegin transaction[0m
  [1m[35m (0.1ms)[0m  [1m[35mPRAGMA foreign_keys[0m
  [1m[35m (0.1ms)[0m  [1m[35mPRAGMA defer_foreign_keys[0m
  [1m[35m (0.1ms)[0m  [1m[35mPRAGMA defer_foreign_keys = ON[0m
  [1m[35m (0.1ms)[0m  [1m[35mPRAGMA foreign_keys = OFF[0m
  [1m[35m (0.5ms)[0m  [1m[35mCREATE TEMPORARY TABLE "achallenges" ("id" integer NOT NULL PRIMARY KEY, "emotion_number" integer DEFAULT NULL, "face_answer_number" integer DEFAULT NULL, "created_at" datetime(6) NOT NULL, "updated_at" datetime(6) NOT NULL)[0m
  [1m[35m (0.2ms)[0m  [1m[32mINSERT INTO "achallenges" ("id","emotion_number","face_answer_number","created_at","updated_at")
                     SELECT "id","emotion_number","correct_answer_number","created_at","updated_at" FROM "challenges"[0m
  [1m[35m (1.2ms)[0m  [1m[35mDROP TABLE "challenges"[0m
  [1m[35m (0.2ms)[0m  [1m[35mCREATE TABLE "challenges" ("id" integer NOT NULL PRIMARY KEY, "emotion_number" integer DEFAULT NULL, "face_answer_number" integer DEFAULT NULL, "created_at" datetime(6) NOT NULL, "updated_at" datetime(6) NOT NULL)[0m
  [1m[35m (0.1ms)[0m  [1m[32mINSERT INTO "challenges" ("id","emotion_number","face_answer_number","created_at","updated_at")
                     SELECT "id","emotion_number","face_answer_number","created_at","updated_at" FROM "achallenges"[0m
  [1m[35m (0.2ms)[0m  [1m[35mDROP TABLE "achallenges"[0m
  [1m[35m (0.2ms)[0m  [1m[35mPRAGMA defer_foreign_keys = 0[0m
  [1m[35m (0.2ms)[0m  [1m[35mPRAGMA foreign_keys = 1[0m
  [1m[36mprimary::SchemaMigration Create (0.5ms)[0m  [1m[32mINSERT INTO "schema_migrations" ("version") VALUES (?)[0m  [["version", "20210429172848"]]
  [1m[35m (23.6ms)[0m  [1m[36mcommit transaction[0m
  [1m[36mActiveRecord::InternalMetadata Load (0.4ms)[0m  [1m[34mSELECT "ar_internal_metadata".* FROM "ar_internal_metadata" WHERE "ar_internal_metadata"."key" = ? LIMIT ?[0m  [["key", "environment"], ["LIMIT", 1]]
  [1m[35m (0.1ms)[0m  [1m[34mSELECT sqlite_version(*)[0m
  [1m[35m (0.3ms)[0m  [1m[34mSELECT "schema_migrations"."version" FROM "schema_migrations" ORDER BY "schema_migrations"."version" ASC[0m
  [1m[35m (0.7ms)[0m  [1m[34mSELECT sqlite_version(*)[0m
  [1m[35m (0.2ms)[0m  [1m[34mSELECT "schema_migrations"."version" FROM "schema_migrations" ORDER BY "schema_migrations"."version" ASC[0m
  [1m[36mActiveRecord::InternalMetadata Load (0.3ms)[0m  [1m[34mSELECT "ar_internal_metadata".* FROM "ar_internal_metadata" WHERE "ar_internal_metadata"."key" = ? LIMIT ?[0m  [["key", "environment"], ["LIMIT", 1]]
  [1m[35m (0.3ms)[0m  [1m[34mSELECT sqlite_version(*)[0m
  [1m[35m (0.3ms)[0m  [1m[34mSELECT "schema_migrations"."version" FROM "schema_migrations" ORDER BY "schema_migrations"."version" ASC[0m
  [1m[35m (1.0ms)[0m  [1m[34mSELECT sqlite_version(*)[0m
  [1m[35m (0.2ms)[0m  [1m[34mSELECT "schema_migrations"."version" FROM "schema_migrations" ORDER BY "schema_migrations"."version" ASC[0m
  [1m[36mActiveRecord::InternalMetadata Load (0.2ms)[0m  [1m[34mSELECT "ar_internal_metadata".* FROM "ar_internal_metadata" WHERE "ar_internal_metadata"."key" = ? LIMIT ?[0m  [["key", "environment"], ["LIMIT", 1]]
  [1m[35m (0.1ms)[0m  [1m[34mSELECT sqlite_version(*)[0m
  [1m[35m (0.3ms)[0m  [1m[34mSELECT "schema_migrations"."version" FROM "schema_migrations" ORDER BY "schema_migrations"."version" ASC[0m
  [1m[35m (0.6ms)[0m  [1m[34mSELECT sqlite_version(*)[0m
  [1m[35m (0.4ms)[0m  [1m[34mSELECT "schema_migrations"."version" FROM "schema_migrations" ORDER BY "schema_migrations"."version" ASC[0m
Migrating to ChangeChallenges (20210429195522)
  [1m[35m (0.1ms)[0m  [1m[36mbegin transaction[0m
  [1m[35m (0.8ms)[0m  [1m[35mALTER TABLE "challenges" ADD "face_answer_number" integer[0m
  [1m[35m (0.1ms)[0m  [1m[31mrollback transaction[0m
  [1m[35m (0.6ms)[0m  [1m[34mSELECT sqlite_version(*)[0m
  [1m[35m (0.2ms)[0m  [1m[34mSELECT "schema_migrations"."version" FROM "schema_migrations" ORDER BY "schema_migrations"."version" ASC[0m
Migrating to AddAnswerNumberToFaces (20210429200012)
  [1m[35m (0.1ms)[0m  [1m[36mbegin transaction[0m
  [1m[35m (2.1ms)[0m  [1m[35mALTER TABLE "faces" ADD "answer_number" integer[0m
  [1m[36mprimary::SchemaMigration Create (0.5ms)[0m  [1m[32mINSERT INTO "schema_migrations" ("version") VALUES (?)[0m  [["version", "20210429200012"]]
  [1m[35m (16.5ms)[0m  [1m[36mcommit transaction[0m
  [1m[36mActiveRecord::InternalMetadata Load (0.6ms)[0m  [1m[34mSELECT "ar_internal_metadata".* FROM "ar_internal_metadata" WHERE "ar_internal_metadata"."key" = ? LIMIT ?[0m  [["key", "environment"], ["LIMIT", 1]]
  [1m[35m (0.4ms)[0m  [1m[34mSELECT sqlite_version(*)[0m
  [1m[35m (0.2ms)[0m  [1m[34mSELECT "schema_migrations"."version" FROM "schema_migrations" ORDER BY "schema_migrations"."version" ASC[0m
  [1m[35m (0.8ms)[0m  [1m[34mSELECT sqlite_version(*)[0m
  [1m[35m (0.3ms)[0m  [1m[34mSELECT "schema_migrations"."version" FROM "schema_migrations" ORDER BY "schema_migrations"."version" ASC[0m
Migrating to CreateChallengeAnswers (20210429200729)
  [1m[35m (0.3ms)[0m  [1m[36mbegin transaction[0m
  [1m[35m (1.4ms)[0m  [1m[35mCREATE TABLE "challenge_answers" ("id" integer PRIMARY KEY AUTOINCREMENT NOT NULL, "created_at" datetime(6) NOT NULL, "updated_at" datetime(6) NOT NULL)[0m
  [1m[36mprimary::SchemaMigration Create (0.6ms)[0m  [1m[32mINSERT INTO "schema_migrations" ("version") VALUES (?)[0m  [["version", "20210429200729"]]
  [1m[35m (13.1ms)[0m  [1m[36mcommit transaction[0m
  [1m[36mActiveRecord::InternalMetadata Load (0.4ms)[0m  [1m[34mSELECT "ar_internal_metadata".* FROM "ar_internal_metadata" WHERE "ar_internal_metadata"."key" = ? LIMIT ?[0m  [["key", "environment"], ["LIMIT", 1]]
  [1m[35m (0.1ms)[0m  [1m[34mSELECT sqlite_version(*)[0m
  [1m[35m (0.3ms)[0m  [1m[34mSELECT "schema_migrations"."version" FROM "schema_migrations" ORDER BY "schema_migrations"."version" ASC[0m
